<?xml version="1.0" encoding="UTF-8"?>
<testsuite xmlns:xsi="http://www.w3.org/2001/XMLSchema-instance" xsi:noNamespaceSchemaLocation="https://maven.apache.org/surefire/maven-surefire-plugin/xsd/surefire-test-report.xsd" version="3.0.2" name="com.soundowner.library.controller.LibraryControllerTest" time="2.897" tests="2" errors="0" skipped="0" failures="0">
  <properties>
[...]
</properties>
  <testcase name="addAlbumToLibrary_ShouldReturnOk" classname="com.soundowner.library.controller.LibraryControllerTest" time="0.235">
    <system-out><![CDATA[08:20:17.239 [main] INFO org.springframework.test.context.support.AnnotationConfigContextLoaderUtils -- Could not detect default configuration classes for test class [com.soundowner.library.controller.LibraryControllerTest]: LibraryControllerTest does not declare any static, non-private, non-final, nested classes annotated with @Configuration.
08:20:17.390 [main] INFO org.springframework.boot.test.context.SpringBootTestContextBootstrapper -- Found @SpringBootConfiguration com.soundowner.library.AudioLibraryApplication for test class com.soundowner.library.controller.LibraryControllerTest

  .   ____          _            __ _ _
 /\\ / ___'_ __ _ _(_)_ __  __ _ \ \ \ \
( ( )\___ | '_ | '_| | '_ \/ _` | \ \ \ \
 \\/  ___)| |_)| | | | | || (_| |  ) ) ) )
  '  |____| .__|_| |_|_| |_\__, | / / / /
 =========|_|==============|___/=/_/_/_/

 :: Spring Boot ::                (v3.4.1)

2026-02-05T08:20:17.829+03:00  INFO 15628 --- [audio-library-service] [           main] c.s.l.controller.LibraryControllerTest   : Starting LibraryControllerTest using Java 17.0.17 with PID 15628 (started by THESoundowner in C:\Users\THESoundowner\Desktop\soundspace\soundspace\audio-library-service)
2026-02-05T08:20:17.829+03:00  INFO 15628 --- [audio-library-service] [           main] c.s.l.controller.LibraryControllerTest   : No active profile set, falling back to 1 default profile: "default"
2026-02-05T08:20:19.677+03:00  INFO 15628 --- [audio-library-service] [           main] o.s.b.t.m.w.SpringBootMockServletContext : Initializing Spring TestDispatcherServlet ''
2026-02-05T08:20:19.677+03:00  INFO 15628 --- [audio-library-service] [           main] o.s.t.web.servlet.TestDispatcherServlet  : Initializing Servlet ''
2026-02-05T08:20:19.680+03:00  INFO 15628 --- [audio-library-service] [           main] o.s.t.web.servlet.TestDispatcherServlet  : Completed initialization in 0 ms
2026-02-05T08:20:19.707+03:00  INFO 15628 --- [audio-library-service] [           main] c.s.l.controller.LibraryControllerTest   : Started LibraryControllerTest in 2.234 seconds (process running for 3.158)
]]></system-out>
  </testcase>
  <testcase name="addTrackToPlaylist_ShouldReturnOk" classname="com.soundowner.library.controller.LibraryControllerTest" time="0.014"/>
</testsuite>